The given directory /home/kaliv0/Downloads contains the following files:

Teardrop (1).pdf
322568024_1309903156468180_4656684573699935003_n.jpg
322299437_1286769888772488_8665490950165448969_n.gif
329002249_1312659716345960_4231061876675190290_n.jpg
327116106_1021739605897046_8787095417336901241_n.jpg
329443705_787878742696372_3798198681947043961_n.jpg
Trainspotting.1996.720p.BluRay.x264_CtrlHD.(subs.sab.bz).zip
Manual+Structure+Cheat+Sheet (1).pdf
321515716_1508341342910634_7306960598723174612_n.jpg
321447806_1139080196771181_6745502457607435137_n.png
320332049_456967689956528_6318621734487641335_n.jpg
Trainspotting.1996.BRRip.XviD.AC3-KiNGS.torrent
[ext.to]Udacity.C.v1.0.0.[FCO].torrent
How-to-Make-a-GIF-1.gif
336664666_145989154773052_6112418038514688612_n.jpg
Gaspard de la Nuit (Louis, dit Aloysius Bertrand) (z-lib.org).epub
Richter.jpeg
319986169_1320232488765033_2548748610280986136_n.jpg
maxime-mr-bean-profile-pic
49650876_1105308032981922_6878780008790228992_n.jpg
Sv_Richter.jpg
324101661_938001160519154_362225709227561686_n.jpg
progression.png
The.Lion.King.2019.BDRip.XviD.AC3.DUAL-REFLUX.torrent
CP-MOOC-600x321.png
325212952_695791695520030_7927810574939796636_n.jpg
317862141_3416646421915405_2889221555230278525_n.jpg
Manual+Structure+Cheat+Sheet.pdf
325667322_681247390253347_2381652905949338717_n.jpg
a8fc01e83e748dfc3a6374effe2decae.png
315528187_578982900701046_2621020200887850198_n.jpg
1415194_217337931778941_1089436159_o.jpg
334543196_1184069838920069_7063950132046519231_n.jpg
321695630_1218314319037646_706555266150600590_n.jpg
output-onlinepngtools.png
314083688_654385313087220_1140826781701103965_n.jpg
download.jpeg
334768555_898403777876379_1810225308517708555_n.jpg
322486667_1365645027503102_2844233935770178019_n.jpg
315871372_572716304854969_58580275951601454_n.jpg
1533718_549396011861706_3621028018784402381_n.jpg
image22.jpg
331609061_777177280686788_278910512894336252_n.jpg
321349069_1135877330464573_4658364258734703035_n.jpg
Templates.Parameters.txt
google-chrome-stable_current_amd64.deb
KaloyanIvanov-PCAP - Programmi-certificate.pdf
Lady.and.the.Tramp.2019.HDRip.AC3.x264-CMRG.torrent
364801043_1034973107877512_832802683182486103_n.jpg
Jwt+And+Spring+Security+Presentation.pdf
322602744_1562857667473392_2492186432442889842_n.jpg
Dead Silence 2007.BRRip.XviD.AC3-WAR.torrent
321724082_936816427490229_8097724675488328472_n.jpg
358532062_149061674862322_8861758454856514977_n.jpg
321497327_2123086004549883_1192028074729312964_n.jpg
1628_505407536305311_5620471734324430373_n.jpg
happy-new-year-2023-new-year-shining-background-with-gold-clock-and-glitter-festive-banner-greeting-card-illustration-vector.jpg
NetAcad Learning Transcript.pdf
316540096_674120834166059_7547571730740059662_n.jpg
321845084_493856652735329_2299606620210291989_n.gif
American.Beauty.1999.576p.BRRip.x265-DiN.torrent
322600925_2018640771667267_9178271359534622148_n.jpg
Teardrop.pdf
324183124_882570232779685_258907741357046949_n.png
49376874_1431779456956686_7127359603347554304_n.jpg
Idiocracy.LMITED.XviD-DiAMOND.avi.torrent
Gaspar de la noche fantasías al modo de Rembrandt y Callot (Ruiz Casanova, José FranciscoAzpeitia Ortiz etc.) (z-lib.org).epub
330460100_894985835173654_4216710991711541210_n.jpg
331997038_3431257337154315_8591914551677493502_n.jpg
334075951_904155900848886_6733136158154310812_n.jpg
OPEN_2022_11_17.pdf
[NNM-Club.me]_c-plus-plus-modern-development.torrent
image24.jpg
S_Richter.jpg
Little.Miss.Sunshine[2006]DvDrip[Eng]-aXXo.torrent
Moore's-law.pdf
323431613_1322141631913384_5936064294181860676_n.jpg
OEDGVWZEUTC1.pdf
357734314_740855018043000_3624793991517032281_n.jpg
140475774_1716836678495718_5400086600972318677_n.jpg
330817256_2081436922050291_6465726183959989460_n.jpg
Happy+New+Year+Wishes+2023_Image.jpg
Coursera XUTS99DAHXQW.pdf
Idiocracy.LIMITED.DVDRip.XviD-DiAMOND.srt
321911922_515263667248169_7428147763395985934_n.png
334953785_531600572420769_9139008782056144470_n.jpg
320708768_841112813802672_8048421384848828599_n.jpg
archive-2023-08-28_17-26-29.zip
324258080_880292816497087_4946812802021413504_n.jpg
application_octet-stream_49650876_1105308032981922_6878780008790228992_n.jpg_blob_http___localhost_8080_a2d84ffe-7918-42a2-bedd-4dc34eef7518
Idiocracy.LMITED.XviD-DiAMOND.avi
322535112_676023354002474_9006388406988287055_n.jpg
happy-new-year-2023-grand-celebration-background_1017-40722.webp
329749250_560979285766691_4870666239761676180_n.jpg
example-progression.png
Sergey-Rachmaninoff.jpg
320703680_991620495127642_4064611762284504327_n.jpg
126862356_1671624803016906_704207010463977370_n.jpg
320524694_5925855900828561_4872123907929368864_n.jpg
client_secret_140846107451-spau9lhet7riq3pj8cct8i18u4et5ual.apps.googleusercontent.com.json
312307528_4950344401733982_7048899871412629799_n.jpg
Section+2+Command+Cheat+Sheet.pdf
Attractive-Phoenix-Tattoo-On-Man-Left-Full-Sleeve.jpg
Coursera NPD7RU97A9N9.pdf
319544892_1224764035053666_2083389195708969471_n.png
344536948_290555583303097_4926187953839482335_n.jpg
328048471_583820016987221_5803297913370253076_n.jpg

=========================================
The given directory /home/kaliv0/Downloads contains the following nested subdirectories:

American.Beauty.1999.576p.BRRip.x265-DiN
Lady.and.the.Tramp.2019.HDRip.AC3.x264-CMRG[TGx]
Little.Miss.Sunshine[2006]DvDrip[Eng]-aXXo
The.Lion.King.2019.BDRip.XviD.AC3.DUAL-REFLUX
Dead Silence 2007.BRRip.XviD.AC3-WAR
Trainspotting.1996.BRRip.XviD.AC3-KiNGS

=========================================

